{"C:\\Users\\olivi\\OneDrive\\Desktop\\IT Dip\\Assigment2.2\\MusoPlan_testing\\MusoPlan\\Musician.js": {"path":"C:\\Users\\olivi\\OneDrive\\Desktop\\IT Dip\\Assigment2.2\\MusoPlan_testing\\MusoPlan\\Musician.js","statementMap":{"0":{"start":{"line":10,"column":4},"end":{"line":10,"column":23}},"1":{"start":{"line":11,"column":4},"end":{"line":15,"column":5}},"2":{"start":{"line":12,"column":6},"end":{"line":12,"column":75}},"3":{"start":{"line":14,"column":6},"end":{"line":14,"column":25}},"4":{"start":{"line":18,"column":4},"end":{"line":18,"column":22}},"5":{"start":{"line":22,"column":4},"end":{"line":28,"column":5}},"6":{"start":{"line":23,"column":6},"end":{"line":25,"column":8}},"7":{"start":{"line":27,"column":6},"end":{"line":27,"column":34}},"8":{"start":{"line":31,"column":4},"end":{"line":31,"column":31}},"9":{"start":{"line":35,"column":4},"end":{"line":41,"column":5}},"10":{"start":{"line":36,"column":6},"end":{"line":38,"column":8}},"11":{"start":{"line":40,"column":6},"end":{"line":40,"column":31}},"12":{"start":{"line":44,"column":4},"end":{"line":44,"column":28}},"13":{"start":{"line":55,"column":4},"end":{"line":61,"column":4}},"14":{"start":{"line":65,"column":0},"end":{"line":65,"column":30}}},"fnMap":{"0":{"name":"(anonymous_0)","decl":{"start":{"line":9,"column":2},"end":{"line":9,"column":3}},"loc":{"start":{"line":9,"column":18},"end":{"line":16,"column":3}},"line":9},"1":{"name":"(anonymous_1)","decl":{"start":{"line":17,"column":2},"end":{"line":17,"column":3}},"loc":{"start":{"line":17,"column":13},"end":{"line":19,"column":3}},"line":17},"2":{"name":"(anonymous_2)","decl":{"start":{"line":21,"column":2},"end":{"line":21,"column":3}},"loc":{"start":{"line":21,"column":27},"end":{"line":29,"column":3}},"line":21},"3":{"name":"(anonymous_3)","decl":{"start":{"line":30,"column":2},"end":{"line":30,"column":3}},"loc":{"start":{"line":30,"column":22},"end":{"line":32,"column":3}},"line":30},"4":{"name":"(anonymous_4)","decl":{"start":{"line":34,"column":2},"end":{"line":34,"column":3}},"loc":{"start":{"line":34,"column":24},"end":{"line":42,"column":3}},"line":34},"5":{"name":"(anonymous_5)","decl":{"start":{"line":43,"column":2},"end":{"line":43,"column":3}},"loc":{"start":{"line":43,"column":19},"end":{"line":45,"column":3}},"line":43},"6":{"name":"(anonymous_6)","decl":{"start":{"line":54,"column":2},"end":{"line":54,"column":3}},"loc":{"start":{"line":54,"column":12},"end":{"line":62,"column":3}},"line":54}},"branchMap":{"0":{"loc":{"start":{"line":11,"column":4},"end":{"line":15,"column":5}},"type":"if","locations":[{"start":{"line":11,"column":4},"end":{"line":15,"column":5}},{"start":{"line":13,"column":11},"end":{"line":15,"column":5}}],"line":11},"1":{"loc":{"start":{"line":11,"column":8},"end":{"line":11,"column":45}},"type":"binary-expr","locations":[{"start":{"line":11,"column":8},"end":{"line":11,"column":24}},{"start":{"line":11,"column":28},"end":{"line":11,"column":45}}],"line":11},"2":{"loc":{"start":{"line":22,"column":4},"end":{"line":28,"column":5}},"type":"if","locations":[{"start":{"line":22,"column":4},"end":{"line":28,"column":5}},{"start":{"line":26,"column":11},"end":{"line":28,"column":5}}],"line":22},"3":{"loc":{"start":{"line":22,"column":8},"end":{"line":22,"column":34}},"type":"binary-expr","locations":[{"start":{"line":22,"column":8},"end":{"line":22,"column":18}},{"start":{"line":22,"column":22},"end":{"line":22,"column":34}}],"line":22},"4":{"loc":{"start":{"line":35,"column":4},"end":{"line":41,"column":5}},"type":"if","locations":[{"start":{"line":35,"column":4},"end":{"line":41,"column":5}},{"start":{"line":39,"column":11},"end":{"line":41,"column":5}}],"line":35},"5":{"loc":{"start":{"line":35,"column":8},"end":{"line":35,"column":39}},"type":"binary-expr","locations":[{"start":{"line":35,"column":8},"end":{"line":35,"column":19}},{"start":{"line":35,"column":23},"end":{"line":35,"column":39}}],"line":35}},"s":{"0":38,"1":38,"2":3,"3":35,"4":81,"5":39,"6":4,"7":35,"8":1,"9":38,"10":3,"11":35,"12":13,"13":6,"14":6},"f":{"0":38,"1":81,"2":39,"3":1,"4":38,"5":13,"6":6},"b":{"0":[3,35],"1":[38,36],"2":[4,35],"3":[39,36],"4":[3,35],"5":[38,35]},"_coverageSchema":"1a1c01bbd47fc00a2c39e90264f33305004495a9","hash":"20e6535885fd1cf6813e1d6fd6eb7340342a81bf"}
,"C:\\Users\\olivi\\OneDrive\\Desktop\\IT Dip\\Assigment2.2\\MusoPlan_testing\\MusoPlan\\Troupe.js": {"path":"C:\\Users\\olivi\\OneDrive\\Desktop\\IT Dip\\Assigment2.2\\MusoPlan_testing\\MusoPlan\\Troupe.js","statementMap":{"0":{"start":{"line":1,"column":22},"end":{"line":1,"column":47}},"1":{"start":{"line":2,"column":20},"end":{"line":2,"column":40}},"2":{"start":{"line":3,"column":26},"end":{"line":3,"column":52}},"3":{"start":{"line":4,"column":21},"end":{"line":4,"column":45}},"4":{"start":{"line":14,"column":15},"end":{"line":14,"column":26}},"5":{"start":{"line":17,"column":4},"end":{"line":21,"column":5}},"6":{"start":{"line":18,"column":6},"end":{"line":18,"column":73}},"7":{"start":{"line":20,"column":6},"end":{"line":20,"column":25}},"8":{"start":{"line":24,"column":4},"end":{"line":24,"column":22}},"9":{"start":{"line":28,"column":4},"end":{"line":32,"column":5}},"10":{"start":{"line":29,"column":6},"end":{"line":29,"column":75}},"11":{"start":{"line":31,"column":6},"end":{"line":31,"column":36}},"12":{"start":{"line":35,"column":4},"end":{"line":35,"column":33}},"13":{"start":{"line":39,"column":22},"end":{"line":39,"column":45}},"14":{"start":{"line":40,"column":4},"end":{"line":44,"column":5}},"15":{"start":{"line":41,"column":6},"end":{"line":41,"column":64}},"16":{"start":{"line":43,"column":6},"end":{"line":43,"column":26}},"17":{"start":{"line":47,"column":4},"end":{"line":47,"column":23}},"18":{"start":{"line":50,"column":4},"end":{"line":50,"column":27}},"19":{"start":{"line":54,"column":20},"end":{"line":54,"column":73}},"20":{"start":{"line":54,"column":48},"end":{"line":54,"column":72}},"21":{"start":{"line":55,"column":4},"end":{"line":57,"column":5}},"22":{"start":{"line":56,"column":6},"end":{"line":56,"column":19}},"23":{"start":{"line":58,"column":4},"end":{"line":58,"column":35}},"24":{"start":{"line":59,"column":4},"end":{"line":59,"column":16}},"25":{"start":{"line":63,"column":27},"end":{"line":65,"column":5}},"26":{"start":{"line":64,"column":20},"end":{"line":64,"column":39}},"27":{"start":{"line":66,"column":16},"end":{"line":68,"column":12}},"28":{"start":{"line":67,"column":27},"end":{"line":67,"column":53}},"29":{"start":{"line":69,"column":4},"end":{"line":69,"column":97}},"30":{"start":{"line":73,"column":29},"end":{"line":75,"column":5}},"31":{"start":{"line":74,"column":20},"end":{"line":74,"column":39}},"32":{"start":{"line":76,"column":25},"end":{"line":76,"column":26}},"33":{"start":{"line":77,"column":16},"end":{"line":80,"column":5}},"34":{"start":{"line":78,"column":39},"end":{"line":78,"column":67}},"35":{"start":{"line":81,"column":4},"end":{"line":81,"column":15}},"36":{"start":{"line":85,"column":16},"end":{"line":85,"column":52}},"37":{"start":{"line":86,"column":4},"end":{"line":86,"column":17}},"38":{"start":{"line":90,"column":4},"end":{"line":90,"column":195}},"39":{"start":{"line":94,"column":4},"end":{"line":96,"column":70}},"40":{"start":{"line":100,"column":18},"end":{"line":100,"column":32}},"41":{"start":{"line":101,"column":4},"end":{"line":110,"column":33}},"42":{"start":{"line":112,"column":4},"end":{"line":115,"column":5}},"43":{"start":{"line":113,"column":6},"end":{"line":113,"column":36}},"44":{"start":{"line":114,"column":6},"end":{"line":114,"column":34}},"45":{"start":{"line":116,"column":4},"end":{"line":116,"column":19}},"46":{"start":{"line":120,"column":4},"end":{"line":120,"column":77}},"47":{"start":{"line":120,"column":41},"end":{"line":120,"column":68}},"48":{"start":{"line":124,"column":0},"end":{"line":124,"column":28}}},"fnMap":{"0":{"name":"(anonymous_0)","decl":{"start":{"line":16,"column":2},"end":{"line":16,"column":3}},"loc":{"start":{"line":16,"column":18},"end":{"line":22,"column":3}},"line":16},"1":{"name":"(anonymous_1)","decl":{"start":{"line":23,"column":2},"end":{"line":23,"column":3}},"loc":{"start":{"line":23,"column":13},"end":{"line":25,"column":3}},"line":23},"2":{"name":"(anonymous_2)","decl":{"start":{"line":27,"column":2},"end":{"line":27,"column":3}},"loc":{"start":{"line":27,"column":29},"end":{"line":33,"column":3}},"line":27},"3":{"name":"(anonymous_3)","decl":{"start":{"line":34,"column":2},"end":{"line":34,"column":3}},"loc":{"start":{"line":34,"column":24},"end":{"line":36,"column":3}},"line":34},"4":{"name":"(anonymous_4)","decl":{"start":{"line":38,"column":2},"end":{"line":38,"column":3}},"loc":{"start":{"line":38,"column":19},"end":{"line":45,"column":3}},"line":38},"5":{"name":"(anonymous_5)","decl":{"start":{"line":46,"column":2},"end":{"line":46,"column":3}},"loc":{"start":{"line":46,"column":14},"end":{"line":48,"column":3}},"line":46},"6":{"name":"(anonymous_6)","decl":{"start":{"line":49,"column":2},"end":{"line":49,"column":3}},"loc":{"start":{"line":49,"column":18},"end":{"line":51,"column":3}},"line":49},"7":{"name":"(anonymous_7)","decl":{"start":{"line":53,"column":2},"end":{"line":53,"column":3}},"loc":{"start":{"line":53,"column":24},"end":{"line":60,"column":3}},"line":53},"8":{"name":"(anonymous_8)","decl":{"start":{"line":54,"column":41},"end":{"line":54,"column":42}},"loc":{"start":{"line":54,"column":48},"end":{"line":54,"column":72}},"line":54},"9":{"name":"(anonymous_9)","decl":{"start":{"line":62,"column":2},"end":{"line":62,"column":3}},"loc":{"start":{"line":62,"column":20},"end":{"line":70,"column":3}},"line":62},"10":{"name":"(anonymous_10)","decl":{"start":{"line":64,"column":6},"end":{"line":64,"column":7}},"loc":{"start":{"line":64,"column":20},"end":{"line":64,"column":39}},"line":64},"11":{"name":"(anonymous_11)","decl":{"start":{"line":67,"column":6},"end":{"line":67,"column":7}},"loc":{"start":{"line":67,"column":27},"end":{"line":67,"column":53}},"line":67},"12":{"name":"(anonymous_12)","decl":{"start":{"line":72,"column":2},"end":{"line":72,"column":3}},"loc":{"start":{"line":72,"column":26},"end":{"line":82,"column":3}},"line":72},"13":{"name":"(anonymous_13)","decl":{"start":{"line":74,"column":6},"end":{"line":74,"column":7}},"loc":{"start":{"line":74,"column":20},"end":{"line":74,"column":39}},"line":74},"14":{"name":"(anonymous_14)","decl":{"start":{"line":78,"column":6},"end":{"line":78,"column":7}},"loc":{"start":{"line":78,"column":39},"end":{"line":78,"column":67}},"line":78},"15":{"name":"(anonymous_15)","decl":{"start":{"line":84,"column":2},"end":{"line":84,"column":3}},"loc":{"start":{"line":84,"column":36},"end":{"line":87,"column":3}},"line":84},"16":{"name":"(anonymous_16)","decl":{"start":{"line":89,"column":2},"end":{"line":89,"column":3}},"loc":{"start":{"line":89,"column":26},"end":{"line":91,"column":3}},"line":89},"17":{"name":"(anonymous_17)","decl":{"start":{"line":93,"column":2},"end":{"line":93,"column":3}},"loc":{"start":{"line":93,"column":12},"end":{"line":97,"column":3}},"line":93},"18":{"name":"(anonymous_18)","decl":{"start":{"line":99,"column":2},"end":{"line":99,"column":3}},"loc":{"start":{"line":99,"column":32},"end":{"line":117,"column":3}},"line":99},"19":{"name":"(anonymous_19)","decl":{"start":{"line":119,"column":2},"end":{"line":119,"column":3}},"loc":{"start":{"line":119,"column":32},"end":{"line":121,"column":3}},"line":119},"20":{"name":"(anonymous_20)","decl":{"start":{"line":120,"column":34},"end":{"line":120,"column":35}},"loc":{"start":{"line":120,"column":41},"end":{"line":120,"column":68}},"line":120}},"branchMap":{"0":{"loc":{"start":{"line":17,"column":4},"end":{"line":21,"column":5}},"type":"if","locations":[{"start":{"line":17,"column":4},"end":{"line":21,"column":5}},{"start":{"line":19,"column":11},"end":{"line":21,"column":5}}],"line":17},"1":{"loc":{"start":{"line":17,"column":8},"end":{"line":17,"column":45}},"type":"binary-expr","locations":[{"start":{"line":17,"column":8},"end":{"line":17,"column":24}},{"start":{"line":17,"column":28},"end":{"line":17,"column":45}}],"line":17},"2":{"loc":{"start":{"line":28,"column":4},"end":{"line":32,"column":5}},"type":"if","locations":[{"start":{"line":28,"column":4},"end":{"line":32,"column":5}},{"start":{"line":30,"column":11},"end":{"line":32,"column":5}}],"line":28},"3":{"loc":{"start":{"line":28,"column":8},"end":{"line":28,"column":32}},"type":"binary-expr","locations":[{"start":{"line":28,"column":8},"end":{"line":28,"column":19}},{"start":{"line":28,"column":23},"end":{"line":28,"column":32}}],"line":28},"4":{"loc":{"start":{"line":40,"column":4},"end":{"line":44,"column":5}},"type":"if","locations":[{"start":{"line":40,"column":4},"end":{"line":44,"column":5}},{"start":{"line":42,"column":11},"end":{"line":44,"column":5}}],"line":40},"5":{"loc":{"start":{"line":55,"column":4},"end":{"line":57,"column":5}},"type":"if","locations":[{"start":{"line":55,"column":4},"end":{"line":57,"column":5}},{"start":{},"end":{}}],"line":55}},"s":{"0":6,"1":6,"2":6,"3":6,"4":24,"5":16,"6":3,"7":13,"8":1,"9":10,"10":3,"11":7,"12":1,"13":12,"14":12,"15":2,"16":10,"17":2,"18":1,"19":33,"20":40,"21":33,"22":1,"23":32,"24":32,"25":1,"26":4,"27":1,"28":4,"29":1,"30":3,"31":12,"32":3,"33":3,"34":12,"35":3,"36":1,"37":1,"38":1,"39":2,"40":1,"41":1,"42":1,"43":4,"44":4,"45":1,"46":6,"47":22,"48":6},"f":{"0":16,"1":1,"2":10,"3":1,"4":12,"5":2,"6":1,"7":33,"8":40,"9":1,"10":4,"11":4,"12":3,"13":12,"14":12,"15":1,"16":1,"17":2,"18":1,"19":6,"20":22},"b":{"0":[3,13],"1":[16,14],"2":[3,7],"3":[10,8],"4":[2,10],"5":[1,32]},"_coverageSchema":"1a1c01bbd47fc00a2c39e90264f33305004495a9","hash":"6797747657c99249f42a74e3000d5d3e37100464"}
,"C:\\Users\\olivi\\OneDrive\\Desktop\\IT Dip\\Assigment2.2\\MusoPlan_testing\\MusoPlan\\bassist.js": {"path":"C:\\Users\\olivi\\OneDrive\\Desktop\\IT Dip\\Assigment2.2\\MusoPlan_testing\\MusoPlan\\bassist.js","statementMap":{"0":{"start":{"line":1,"column":21},"end":{"line":1,"column":45}},"1":{"start":{"line":9,"column":4},"end":{"line":9,"column":29}},"2":{"start":{"line":12,"column":4},"end":{"line":12,"column":28}},"3":{"start":{"line":15,"column":4},"end":{"line":15,"column":50}},"4":{"start":{"line":18,"column":4},"end":{"line":18,"column":37}},"5":{"start":{"line":21,"column":0},"end":{"line":21,"column":29}}},"fnMap":{"0":{"name":"(anonymous_0)","decl":{"start":{"line":8,"column":2},"end":{"line":8,"column":3}},"loc":{"start":{"line":8,"column":23},"end":{"line":10,"column":3}},"line":8},"1":{"name":"(anonymous_1)","decl":{"start":{"line":11,"column":2},"end":{"line":11,"column":3}},"loc":{"start":{"line":11,"column":19},"end":{"line":13,"column":3}},"line":11},"2":{"name":"(anonymous_2)","decl":{"start":{"line":14,"column":2},"end":{"line":14,"column":3}},"loc":{"start":{"line":14,"column":27},"end":{"line":16,"column":3}},"line":14},"3":{"name":"(anonymous_3)","decl":{"start":{"line":17,"column":2},"end":{"line":17,"column":3}},"loc":{"start":{"line":17,"column":15},"end":{"line":19,"column":3}},"line":17}},"branchMap":{},"s":{"0":6,"1":7,"2":5,"3":1,"4":1,"5":6},"f":{"0":7,"1":5,"2":1,"3":1},"b":{},"_coverageSchema":"1a1c01bbd47fc00a2c39e90264f33305004495a9","hash":"cae5129f5b5c41468ab11f79f2e69771598a82c4"}
,"C:\\Users\\olivi\\OneDrive\\Desktop\\IT Dip\\Assigment2.2\\MusoPlan_testing\\MusoPlan\\flautist.js": {"path":"C:\\Users\\olivi\\OneDrive\\Desktop\\IT Dip\\Assigment2.2\\MusoPlan_testing\\MusoPlan\\flautist.js","statementMap":{"0":{"start":{"line":1,"column":21},"end":{"line":1,"column":45}},"1":{"start":{"line":9,"column":4},"end":{"line":9,"column":29}},"2":{"start":{"line":12,"column":4},"end":{"line":12,"column":28}},"3":{"start":{"line":15,"column":4},"end":{"line":15,"column":51}},"4":{"start":{"line":18,"column":4},"end":{"line":18,"column":53}},"5":{"start":{"line":21,"column":0},"end":{"line":21,"column":30}}},"fnMap":{"0":{"name":"(anonymous_0)","decl":{"start":{"line":8,"column":2},"end":{"line":8,"column":3}},"loc":{"start":{"line":8,"column":23},"end":{"line":10,"column":3}},"line":8},"1":{"name":"(anonymous_1)","decl":{"start":{"line":11,"column":2},"end":{"line":11,"column":3}},"loc":{"start":{"line":11,"column":19},"end":{"line":13,"column":3}},"line":11},"2":{"name":"(anonymous_2)","decl":{"start":{"line":14,"column":2},"end":{"line":14,"column":3}},"loc":{"start":{"line":14,"column":28},"end":{"line":16,"column":3}},"line":14},"3":{"name":"(anonymous_3)","decl":{"start":{"line":17,"column":2},"end":{"line":17,"column":3}},"loc":{"start":{"line":17,"column":16},"end":{"line":19,"column":3}},"line":17}},"branchMap":{},"s":{"0":6,"1":8,"2":7,"3":1,"4":1,"5":6},"f":{"0":8,"1":7,"2":1,"3":1},"b":{},"_coverageSchema":"1a1c01bbd47fc00a2c39e90264f33305004495a9","hash":"1a42d4073168d925e87bb9f7ddffbdd353e28091"}
,"C:\\Users\\olivi\\OneDrive\\Desktop\\IT Dip\\Assigment2.2\\MusoPlan_testing\\MusoPlan\\guitarist.js": {"path":"C:\\Users\\olivi\\OneDrive\\Desktop\\IT Dip\\Assigment2.2\\MusoPlan_testing\\MusoPlan\\guitarist.js","statementMap":{"0":{"start":{"line":1,"column":21},"end":{"line":1,"column":45}},"1":{"start":{"line":9,"column":4},"end":{"line":9,"column":29}},"2":{"start":{"line":12,"column":4},"end":{"line":12,"column":28}},"3":{"start":{"line":15,"column":4},"end":{"line":15,"column":51}},"4":{"start":{"line":18,"column":4},"end":{"line":18,"column":59}},"5":{"start":{"line":21,"column":0},"end":{"line":21,"column":31}}},"fnMap":{"0":{"name":"(anonymous_0)","decl":{"start":{"line":8,"column":2},"end":{"line":8,"column":3}},"loc":{"start":{"line":8,"column":24},"end":{"line":10,"column":3}},"line":8},"1":{"name":"(anonymous_1)","decl":{"start":{"line":11,"column":2},"end":{"line":11,"column":3}},"loc":{"start":{"line":11,"column":19},"end":{"line":13,"column":3}},"line":11},"2":{"name":"(anonymous_2)","decl":{"start":{"line":14,"column":2},"end":{"line":14,"column":3}},"loc":{"start":{"line":14,"column":28},"end":{"line":16,"column":3}},"line":14},"3":{"name":"(anonymous_3)","decl":{"start":{"line":17,"column":2},"end":{"line":17,"column":3}},"loc":{"start":{"line":17,"column":16},"end":{"line":19,"column":3}},"line":17}},"branchMap":{},"s":{"0":6,"1":10,"2":9,"3":1,"4":1,"5":6},"f":{"0":10,"1":9,"2":1,"3":1},"b":{},"_coverageSchema":"1a1c01bbd47fc00a2c39e90264f33305004495a9","hash":"775dc6309720f76cace48a63cf728abacc2be7ef"}
,"C:\\Users\\olivi\\OneDrive\\Desktop\\IT Dip\\Assigment2.2\\MusoPlan_testing\\MusoPlan\\percussionist.js": {"path":"C:\\Users\\olivi\\OneDrive\\Desktop\\IT Dip\\Assigment2.2\\MusoPlan_testing\\MusoPlan\\percussionist.js","statementMap":{"0":{"start":{"line":1,"column":21},"end":{"line":1,"column":45}},"1":{"start":{"line":9,"column":4},"end":{"line":9,"column":29}},"2":{"start":{"line":12,"column":4},"end":{"line":12,"column":28}},"3":{"start":{"line":15,"column":4},"end":{"line":15,"column":51}},"4":{"start":{"line":18,"column":4},"end":{"line":18,"column":21}},"5":{"start":{"line":21,"column":0},"end":{"line":21,"column":35}}},"fnMap":{"0":{"name":"(anonymous_0)","decl":{"start":{"line":8,"column":2},"end":{"line":8,"column":3}},"loc":{"start":{"line":8,"column":24},"end":{"line":10,"column":3}},"line":8},"1":{"name":"(anonymous_1)","decl":{"start":{"line":11,"column":2},"end":{"line":11,"column":3}},"loc":{"start":{"line":11,"column":19},"end":{"line":13,"column":3}},"line":11},"2":{"name":"(anonymous_2)","decl":{"start":{"line":14,"column":2},"end":{"line":14,"column":3}},"loc":{"start":{"line":14,"column":28},"end":{"line":16,"column":3}},"line":14},"3":{"name":"(anonymous_3)","decl":{"start":{"line":17,"column":2},"end":{"line":17,"column":3}},"loc":{"start":{"line":17,"column":16},"end":{"line":19,"column":3}},"line":17}},"branchMap":{},"s":{"0":6,"1":7,"2":5,"3":1,"4":1,"5":6},"f":{"0":7,"1":5,"2":1,"3":1},"b":{},"_coverageSchema":"1a1c01bbd47fc00a2c39e90264f33305004495a9","hash":"cf671b664dfbbfc17408b9b217f46141b626e817"}
}
