TN:
SF:Musician.js
FN:9,(anonymous_0)
FN:17,(anonymous_1)
FN:21,(anonymous_2)
FN:30,(anonymous_3)
FN:34,(anonymous_4)
FN:43,(anonymous_5)
FN:54,(anonymous_6)
FNF:7
FNH:7
FNDA:38,(anonymous_0)
FNDA:81,(anonymous_1)
FNDA:39,(anonymous_2)
FNDA:1,(anonymous_3)
FNDA:38,(anonymous_4)
FNDA:13,(anonymous_5)
FNDA:6,(anonymous_6)
DA:10,38
DA:11,38
DA:12,3
DA:14,35
DA:18,81
DA:22,39
DA:23,4
DA:27,35
DA:31,1
DA:35,38
DA:36,3
DA:40,35
DA:44,13
DA:55,6
DA:65,6
LF:15
LH:15
BRDA:11,0,0,3
BRDA:11,0,1,35
BRDA:11,1,0,38
BRDA:11,1,1,36
BRDA:22,2,0,4
BRDA:22,2,1,35
BRDA:22,3,0,39
BRDA:22,3,1,36
BRDA:35,4,0,3
BRDA:35,4,1,35
BRDA:35,5,0,38
BRDA:35,5,1,35
BRF:12
BRH:12
end_of_record
TN:
SF:Troupe.js
FN:16,(anonymous_0)
FN:23,(anonymous_1)
FN:27,(anonymous_2)
FN:34,(anonymous_3)
FN:38,(anonymous_4)
FN:46,(anonymous_5)
FN:49,(anonymous_6)
FN:53,(anonymous_7)
FN:54,(anonymous_8)
FN:62,(anonymous_9)
FN:64,(anonymous_10)
FN:67,(anonymous_11)
FN:72,(anonymous_12)
FN:74,(anonymous_13)
FN:78,(anonymous_14)
FN:84,(anonymous_15)
FN:89,(anonymous_16)
FN:93,(anonymous_17)
FN:99,(anonymous_18)
FN:119,(anonymous_19)
FN:120,(anonymous_20)
FNF:21
FNH:21
FNDA:16,(anonymous_0)
FNDA:1,(anonymous_1)
FNDA:10,(anonymous_2)
FNDA:1,(anonymous_3)
FNDA:12,(anonymous_4)
FNDA:2,(anonymous_5)
FNDA:1,(anonymous_6)
FNDA:33,(anonymous_7)
FNDA:40,(anonymous_8)
FNDA:1,(anonymous_9)
FNDA:4,(anonymous_10)
FNDA:4,(anonymous_11)
FNDA:3,(anonymous_12)
FNDA:12,(anonymous_13)
FNDA:12,(anonymous_14)
FNDA:1,(anonymous_15)
FNDA:1,(anonymous_16)
FNDA:2,(anonymous_17)
FNDA:1,(anonymous_18)
FNDA:6,(anonymous_19)
FNDA:22,(anonymous_20)
DA:1,6
DA:2,6
DA:3,6
DA:4,6
DA:14,24
DA:17,16
DA:18,3
DA:20,13
DA:24,1
DA:28,10
DA:29,3
DA:31,7
DA:35,1
DA:39,12
DA:40,12
DA:41,2
DA:43,10
DA:47,2
DA:50,1
DA:54,40
DA:55,33
DA:56,1
DA:58,32
DA:59,32
DA:63,1
DA:64,4
DA:66,1
DA:67,4
DA:69,1
DA:73,3
DA:74,12
DA:76,3
DA:77,3
DA:78,12
DA:81,3
DA:85,1
DA:86,1
DA:90,1
DA:94,2
DA:100,1
DA:101,1
DA:112,1
DA:113,4
DA:114,4
DA:116,1
DA:120,22
DA:124,6
LF:47
LH:47
BRDA:17,0,0,3
BRDA:17,0,1,13
BRDA:17,1,0,16
BRDA:17,1,1,14
BRDA:28,2,0,3
BRDA:28,2,1,7
BRDA:28,3,0,10
BRDA:28,3,1,8
BRDA:40,4,0,2
BRDA:40,4,1,10
BRDA:55,5,0,1
BRDA:55,5,1,32
BRF:12
BRH:12
end_of_record
TN:
SF:bassist.js
FN:8,(anonymous_0)
FN:11,(anonymous_1)
FN:14,(anonymous_2)
FN:17,(anonymous_3)
FNF:4
FNH:4
FNDA:7,(anonymous_0)
FNDA:5,(anonymous_1)
FNDA:1,(anonymous_2)
FNDA:1,(anonymous_3)
DA:1,6
DA:9,7
DA:12,5
DA:15,1
DA:18,1
DA:21,6
LF:6
LH:6
BRF:0
BRH:0
end_of_record
TN:
SF:flautist.js
FN:8,(anonymous_0)
FN:11,(anonymous_1)
FN:14,(anonymous_2)
FN:17,(anonymous_3)
FNF:4
FNH:4
FNDA:8,(anonymous_0)
FNDA:7,(anonymous_1)
FNDA:1,(anonymous_2)
FNDA:1,(anonymous_3)
DA:1,6
DA:9,8
DA:12,7
DA:15,1
DA:18,1
DA:21,6
LF:6
LH:6
BRF:0
BRH:0
end_of_record
TN:
SF:guitarist.js
FN:8,(anonymous_0)
FN:11,(anonymous_1)
FN:14,(anonymous_2)
FN:17,(anonymous_3)
FNF:4
FNH:4
FNDA:10,(anonymous_0)
FNDA:9,(anonymous_1)
FNDA:1,(anonymous_2)
FNDA:1,(anonymous_3)
DA:1,6
DA:9,10
DA:12,9
DA:15,1
DA:18,1
DA:21,6
LF:6
LH:6
BRF:0
BRH:0
end_of_record
TN:
SF:percussionist.js
FN:8,(anonymous_0)
FN:11,(anonymous_1)
FN:14,(anonymous_2)
FN:17,(anonymous_3)
FNF:4
FNH:4
FNDA:7,(anonymous_0)
FNDA:5,(anonymous_1)
FNDA:1,(anonymous_2)
FNDA:1,(anonymous_3)
DA:1,6
DA:9,7
DA:12,5
DA:15,1
DA:18,1
DA:21,6
LF:6
LH:6
BRF:0
BRH:0
end_of_record
